<?xml version="1.0" encoding="UTF-8"?>
<testng-results skipped="0" failed="0" ignored="0" total="1" passed="1">
  <reporter-output>
  </reporter-output>
  <suite name="Default suite" duration-ms="8185" started-at="2018-04-27T08:43:22Z" finished-at="2018-04-27T08:43:30Z">
    <groups>
    </groups>
    <test name="Default test" duration-ms="8185" started-at="2018-04-27T08:43:22Z" finished-at="2018-04-27T08:43:30Z">
      <class name="com.sce.fun.DemoTest">
        <test-method status="PASS" signature="test()[pri:0, instance:com.sce.fun.DemoTest@77caeb3e]" name="test" duration-ms="8134" started-at="2018-04-27T08:43:22Z" finished-at="2018-04-27T08:43:30Z">
          <reporter-output>
          </reporter-output>
        </test-method> <!-- test -->
      </class> <!-- com.sce.fun.DemoTest -->
    </test> <!-- Default test -->
  </suite> <!-- Default suite -->
</testng-results>
